--------------------------------------------------------------------------
Open RTE was unable to open the hostfile:
    hostfile
Check to make sure the path and filename are correct.
--------------------------------------------------------------------------
--------------------------------------------------------------------------
Open RTE was unable to open the hostfile:
    hostfile
Check to make sure the path and filename are correct.
--------------------------------------------------------------------------
--------------------------------------------------------------------------
Open RTE was unable to open the hostfile:
    hostfile
Check to make sure the path and filename are correct.
--------------------------------------------------------------------------
--------------------------------------------------------------------------
Open RTE was unable to open the hostfile:
    hostfile
Check to make sure the path and filename are correct.
--------------------------------------------------------------------------
--------------------------------------------------------------------------
Open RTE was unable to open the hostfile:
    hostfile
Check to make sure the path and filename are correct.
--------------------------------------------------------------------------
--------------------------------------------------------------------------
Open RTE was unable to open the hostfile:
    hostfile
Check to make sure the path and filename are correct.
--------------------------------------------------------------------------
--------------------------------------------------------------------------
Open RTE was unable to open the hostfile:
    hostfile
Check to make sure the path and filename are correct.
--------------------------------------------------------------------------
--------------------------------------------------------------------------
Open RTE was unable to open the hostfile:
    hostfile
Check to make sure the path and filename are correct.
--------------------------------------------------------------------------

 Performance counter stats for 'mpirun -np 8 --hostfile hostfile mandelbrot_mpi -0.8 -0.7 0.05 0.15 8192' (10 runs):

         61,258156      task-clock (msec)         #    0,054 CPUs utilized            ( +-  6,94% )
                52      context-switches          #    0,850 K/sec                    ( +-  6,95% )
                13      cpu-migrations            #    0,207 K/sec                    ( +-  7,43% )
               810      page-faults               #    0,013 M/sec                    ( +-  3,57% )
        64.746.975      cycles                    #    1,057 GHz                      ( +-  5,97% )
   <not supported>      stalled-cycles-frontend  
   <not supported>      stalled-cycles-backend   
        86.591.406      instructions              #    1,34  insns per cycle          ( +-  5,41% )
        18.326.936      branches                  #  299,175 M/sec                    ( +-  5,45% )
           468.377      branch-misses             #    2,56% of all branches          ( +-  5,78% )

       1,128472559 seconds time elapsed                                          ( +-  4,74% )


 Performance counter stats for 'mpirun -np 8 --hostfile hostfile mandelbrot_mpi -0.8 -0.7 0.05 0.15 8192' (10 runs):

      65044.645399      task-clock (msec)         #    3.422 CPUs utilized            ( +-  0.54% )
               359      context-switches          #    0.006 K/sec                    ( +-  1.54% )
                21      cpu-migrations            #    0.000 K/sec                    ( +-  8.72% )
            37,867      page-faults               #    0.582 K/sec                    ( +-  0.02% )
   <not supported>      cycles                   
   <not supported>      stalled-cycles-frontend  
   <not supported>      stalled-cycles-backend   
   <not supported>      instructions             
   <not supported>      branches                 
   <not supported>      branch-misses            

      19.005972500 seconds time elapsed                                          ( +-  1.68% )

