--------------------------------------------------------------------------
Open RTE was unable to open the hostfile:
    hostfile
Check to make sure the path and filename are correct.
--------------------------------------------------------------------------
--------------------------------------------------------------------------
Open RTE was unable to open the hostfile:
    hostfile
Check to make sure the path and filename are correct.
--------------------------------------------------------------------------
--------------------------------------------------------------------------
Open RTE was unable to open the hostfile:
    hostfile
Check to make sure the path and filename are correct.
--------------------------------------------------------------------------
mpirun: Interrupt

 Performance counter stats for 'mpirun -np 8 --hostfile hostfile mandelbrot_mpi -0.188 -0.012 0.554 0.754 8192' (10 runs):

         36,968702      task-clock (msec)         #    0,075 CPUs utilized            ( +- 16,67% )
                27      context-switches          #    0,736 K/sec                    ( +- 26,24% )
                 7      cpu-migrations            #    0,187 K/sec                    ( +- 24,20% )
               559      page-faults               #    0,015 M/sec                    ( +- 12,01% )
        39.247.005      cycles                    #    1,062 GHz                      ( +- 19,28% )
   <not supported>      stalled-cycles-frontend  
   <not supported>      stalled-cycles-backend   
        48.957.177      instructions              #    1,25  insns per cycle          ( +- 20,22% )
        10.276.897      branches                  #  277,989 M/sec                    ( +- 20,56% )
           260.538      branch-misses             #    2,54% of all branches          ( +- 20,51% )

       0,492788788 seconds time elapsed                                          ( +- 25,64% )


 Performance counter stats for 'mpirun -np 8 --hostfile hostfile mandelbrot_mpi -0.188 -0.012 0.554 0.754 8192' (10 runs):

      68952.118814      task-clock (msec)         #    3.543 CPUs utilized            ( +-  0.44% )
               388      context-switches          #    0.006 K/sec                    ( +-  2.04% )
                21      cpu-migrations            #    0.000 K/sec                    ( +-  7.98% )
            37,876      page-faults               #    0.549 K/sec                    ( +-  0.01% )
   <not supported>      cycles                   
   <not supported>      stalled-cycles-frontend  
   <not supported>      stalled-cycles-backend   
   <not supported>      instructions             
   <not supported>      branches                 
   <not supported>      branch-misses            

      19.462188284 seconds time elapsed                                          ( +-  0.52% )

